C:\Program Files (x86)\Microsoft Visual Studio\2017\Community\Common7\IDE\VC\VCTargets\Microsoft.CppBuild.targets(387,5): warning MSB8028: 중간 디렉터리(Debug\)에 다른 프로젝트(1403_김민제_1406_박성운_1411_안병관.vcxproj, Project2.vcxproj)에서 공유하는 파일이 포함되어 있습니다.  이로 인해 잘못된 정리 및 다시 빌드 동작이 수행될 수 있습니다.
  WinMain.c
c:\users\user\desktop\1411_안병관\1411_안병관\project2\winmain.h(12): warning C4133: '초기화 중': 'unsigned short [7]'과(와) 'LPCSTR' 사이의 형식이 호환되지 않습니다.
c:\users\user\desktop\1411_안병관\1411_안병관\project2\winmain.h(12): warning C4133: '초기화 중': 'unsigned short [6]'과(와) 'LPCSTR' 사이의 형식이 호환되지 않습니다.
c:\users\user\desktop\1411_안병관\1411_안병관\project2\winmain.c(108): warning C4133: '함수': 'char [5]'과(와) 'LPCWSTR' 사이의 형식이 호환되지 않습니다.
c:\users\user\desktop\1411_안병관\1411_안병관\project2\winmain.c(110): warning C4090: '함수': 'const' 한정자가 서로 다릅니다.
c:\users\user\desktop\1411_안병관\1411_안병관\project2\winmain.c(264): warning C4090: '함수': 'const' 한정자가 서로 다릅니다.
c:\users\user\desktop\1411_안병관\1411_안병관\project2\winmain.c(267): warning C4090: '함수': 'const' 한정자가 서로 다릅니다.
c:\users\user\desktop\1411_안병관\1411_안병관\project2\winmain.c(270): warning C4090: '함수': 'const' 한정자가 서로 다릅니다.
c:\users\user\desktop\1411_안병관\1411_안병관\project2\winmain.c(273): warning C4090: '함수': 'const' 한정자가 서로 다릅니다.
c:\users\user\desktop\1411_안병관\1411_안병관\project2\winmain.c(276): warning C4090: '함수': 'const' 한정자가 서로 다릅니다.
c:\users\user\desktop\1411_안병관\1411_안병관\project2\winmain.c(279): warning C4090: '함수': 'const' 한정자가 서로 다릅니다.
c:\users\user\desktop\1411_안병관\1411_안병관\project2\winmain.c(308): warning C4047: '초기화 중': 'BOOL'의 간접 참조 수준이 'void *'과(와) 다릅니다.
c:\users\user\desktop\1411_안병관\1411_안병관\project2\winmain.c(305): warning C4101: 'fHandle' :참조되지 않은 지역 변수입니다.
c:\users\user\desktop\1411_안병관\1411_안병관\project2\winmain.c(467): warning C4133: '함수': 'LPCSTR'과(와) 'LPCWSTR' 사이의 형식이 호환되지 않습니다.
  FileIO.c
c:\users\user\desktop\1411_안병관\1411_안병관\project2\fileio.c(34): warning C4133: '함수': 'char [1]'과(와) 'const wchar_t *' 사이의 형식이 호환되지 않습니다.
c:\users\user\desktop\1411_안병관\1411_안병관\project2\fileio.c(37): warning C4047: '함수': 'const wchar_t *'의 간접 참조 수준이 'LPCTSTR *'과(와) 다릅니다.
c:\users\user\desktop\1411_안병관\1411_안병관\project2\fileio.c(37): warning C4024: '_wfopen_s': 형식 및 실제 매개 변수 2의 형식이 서로 다릅니다.
c:\users\user\desktop\1411_안병관\1411_안병관\project2\fileio.c(37): warning C4047: '!=': 'errno_t'의 간접 참조 수준이 'void *'과(와) 다릅니다.
c:\users\user\desktop\1411_안병관\1411_안병관\project2\fileio.c(31): warning C4101: 'fHandle' :참조되지 않은 지역 변수입니다.
c:\users\user\desktop\1411_안병관\1411_안병관\project2\fileio.c(57): warning C4028: 정식 매개 변수 2이(가) 선언과 다릅니다.
c:\users\user\desktop\1411_안병관\1411_안병관\project2\fileio.c(58): warning C4047: '초기화 중': 'int'의 간접 참조 수준이 'HINSTANCE'과(와) 다릅니다.
  코드를 생성하고 있습니다...
  Project2.vcxproj -> C:\Users\user\Desktop\1411_안병관\1411_안병관\Debug\OneClick.exe
  Project2.vcxproj -> C:\Users\user\Desktop\1411_안병관\1411_안병관\Debug\OneClick.pdb (Partial PDB)
